<?xml version="1.0" encoding="UTF-8"?>
<!-- Generated by org.testng.reporters.JUnitReportReporter -->
<testsuite hostname="DESKTOP-RSDMAPU" failures="0" tests="1" name="iframetest.Iframe_Tests" time="46.256" errors="0" timestamp="2025-07-23T15:35:57 IST" skipped="0">
  <testcase classname="iframetest.Iframe_Tests" name="iframes" time="46.256"/>
</testsuite> <!-- iframetest.Iframe_Tests -->
