<?xml version="1.0" encoding="UTF-8"?>
<!-- Generated by org.testng.reporters.JUnitReportReporter -->
<testsuite hostname="DESKTOP-RSDMAPU" failures="0" tests="3" name="testingframework.If_Selectors" time="7.956" errors="0" timestamp="2025-07-28T11:46:25 IST" skipped="0">
  <testcase classname="testingframework.If_Selectors" name="isenabled" time="1.983"/>
  <testcase classname="testingframework.If_Selectors" name="isdisplayed" time="4.139"/>
  <testcase classname="testingframework.If_Selectors" name="isselected" time="1.834"/>
</testsuite> <!-- testingframework.If_Selectors -->
