<?xml version="1.0" encoding="UTF-8"?>
<!-- Generated by org.testng.reporters.JUnitReportReporter -->
<testsuite hostname="DESKTOP-RSDMAPU" failures="0" tests="1" name="datadrivenframework.Data_Driven" time="157.368" errors="0" timestamp="2025-08-11T15:04:42 IST" skipped="0">
  <testcase classname="datadrivenframework.Data_Driven" name="login" time="157.368"/>
</testsuite> <!-- datadrivenframework.Data_Driven -->
