<?xml version="1.0" encoding="UTF-8"?>
<!-- Generated by org.testng.reporters.JUnitReportReporter -->
<testsuite hostname="DESKTOP-RSDMAPU" failures="0" tests="1" name="testingframework.Screen_Shot" time="17.806" errors="0" timestamp="2025-08-06T11:24:21 IST" skipped="0">
  <testcase classname="testingframework.Screen_Shot" name="screenshotlinebyline" time="17.806"/>
</testsuite> <!-- testingframework.Screen_Shot -->
