<?xml version="1.0" encoding="UTF-8"?>
<!-- Generated by org.testng.reporters.JUnitReportReporter -->
<testsuite hostname="DESKTOP-RSDMAPU" failures="0" tests="2" name="testingframework.ErrorPageScreenShot" time="4.970" errors="0" timestamp="2025-08-05T15:46:03 IST" skipped="0">
  <testcase classname="testingframework.ErrorPageScreenShot" name="screenShotoferror" time="0.295"/>
  <testcase classname="testingframework.ErrorPageScreenShot" name="techlearn" time="4.675"/>
</testsuite> <!-- testingframework.ErrorPageScreenShot -->
