<?xml version="1.0" encoding="UTF-8"?>
<!-- Generated by org.testng.reporters.JUnitReportReporter -->
<testsuite hostname="DESKTOP-RSDMAPU" failures="0" tests="4" name="testingframework.PopUp_Alerts" time="32.981" errors="0" timestamp="2025-07-22T16:49:43 IST" skipped="0">
  <testcase classname="testingframework.PopUp_Alerts" name="alertsendtextokcancelbuttonpress" time="7.416"/>
  <testcase classname="testingframework.PopUp_Alerts" name="noalert" time="8.702"/>
  <testcase classname="testingframework.PopUp_Alerts" name="accept" time="10.027"/>
  <testcase classname="testingframework.PopUp_Alerts" name="cancel" time="6.836"/>
</testsuite> <!-- testingframework.PopUp_Alerts -->
