<?xml version="1.0" encoding="UTF-8"?>
<!-- Generated by org.testng.reporters.JUnitReportReporter -->
<testsuite hostname="DESKTOP-RSDMAPU" failures="0" tests="1" name="testingframework.HeadLess" time="8.729" errors="0" timestamp="2025-08-05T16:02:01 IST" skipped="0">
  <testcase classname="testingframework.HeadLess" name="optoinheadless" time="8.729"/>
</testsuite> <!-- testingframework.HeadLess -->
