<?xml version="1.0" encoding="UTF-8"?>
<!-- Generated by org.testng.reporters.JUnitReportReporter -->
<testsuite hostname="DESKTOP-RSDMAPU" failures="0" tests="6" name="testingframework.InvocationCount" time="26.716" errors="0" timestamp="2025-07-22T11:26:22 IST" skipped="0">
  <testcase classname="testingframework.InvocationCount" name="method1" time="10.056"/>
  <testcase classname="testingframework.InvocationCount" name="method2" time="3.299"/>
  <testcase classname="testingframework.InvocationCount" name="method2" time="2.863"/>
  <testcase classname="testingframework.InvocationCount" name="method2" time="3.391"/>
  <testcase classname="testingframework.InvocationCount" name="method2" time="3.121"/>
  <testcase classname="testingframework.InvocationCount" name="method2" time="3.986"/>
</testsuite> <!-- testingframework.InvocationCount -->
