<?xml version="1.0" encoding="UTF-8"?>
<!-- Generated by org.testng.reporters.JUnitReportReporter -->
<testsuite hostname="DESKTOP-RSDMAPU" failures="0" tests="6" name="testingframework.A_Order_Of_Execution" time="31.395" errors="0" timestamp="2025-08-01T13:40:19 IST" skipped="1">
  <testcase classname="testingframework.A_Order_Of_Execution" name="swiggy" time="9.561"/>
  <testcase classname="testingframework.A_Order_Of_Execution" name="twitter" time="8.731"/>
  <testcase classname="testingframework.A_Order_Of_Execution" name="google" time="3.771"/>
  <testcase classname="testingframework.A_Order_Of_Execution" name="selenium" time="3.131"/>
  <testcase classname="testingframework.A_Order_Of_Execution" name="Zomato" time="6.201"/>
  <testcase classname="testingframework.A_Order_Of_Execution" name="facebook">
    <skipped/>
  </testcase> <!-- facebook -->
</testsuite> <!-- testingframework.A_Order_Of_Execution -->
