<?xml version="1.0" encoding="UTF-8"?>
<!-- Generated by org.testng.reporters.JUnitReportReporter -->
<testsuite hostname="DESKTOP-RSDMAPU" failures="0" tests="1" name="sikuli.ByUsingsikuli" time="5.405" errors="0" timestamp="2025-08-06T13:20:10 IST" skipped="0">
  <testcase classname="sikuli.ByUsingsikuli" name="sikulifunctions" time="5.405"/>
</testsuite> <!-- sikuli.ByUsingsikuli -->
