<?xml version="1.0" encoding="UTF-8"?>
<!-- Generated by org.testng.reporters.JUnitReportReporter -->
<testsuite hostname="DESKTOP-RSDMAPU" failures="0" tests="2" name="testingframework.TestNG_Groups" time="15.830" errors="0" timestamp="2025-07-23T11:45:11 IST" skipped="0">
  <testcase classname="testingframework.TestNG_Groups" name="twitter" time="10.425"/>
  <testcase classname="testingframework.TestNG_Groups" name="facebook" time="5.405"/>
</testsuite> <!-- testingframework.TestNG_Groups -->
