<?xml version="1.0" encoding="UTF-8"?>
<!-- Generated by org.testng.reporters.JUnitReportReporter -->
<testsuite hostname="DESKTOP-RSDMAPU" failures="0" tests="2" name="testingframework.ScrollOptions" time="73.312" errors="0" timestamp="2025-08-01T13:30:26 IST" skipped="0">
  <testcase classname="testingframework.ScrollOptions" name="scrollwithwebelement" time="21.865"/>
  <testcase classname="testingframework.ScrollOptions" name="scrolldown" time="51.447"/>
</testsuite> <!-- testingframework.ScrollOptions -->
