<?xml version="1.0" encoding="UTF-8"?>
<!-- Generated by org.testng.reporters.JUnitReportReporter -->
<testsuite hostname="DESKTOP-RSDMAPU" failures="0" tests="1" name="testingframework.DropDown_options" time="11.527" errors="0" timestamp="2025-08-01T13:50:57 IST" skipped="0">
  <testcase classname="testingframework.DropDown_options" name="dropdown" time="11.527"/>
</testsuite> <!-- testingframework.DropDown_options -->
