<?xml version="1.0" encoding="UTF-8"?>
<!-- Generated by org.testng.reporters.JUnitReportReporter -->
<testsuite hostname="DESKTOP-RSDMAPU" failures="0" tests="2" name="testingframework.TestNG_XML_File" time="13.712" errors="0" timestamp="2025-07-22T15:51:56 IST" skipped="0">
  <testcase classname="testingframework.TestNG_XML_File" name="Zomato" time="2.232"/>
  <testcase classname="testingframework.TestNG_XML_File" name="swiggy" time="11.480"/>
</testsuite> <!-- testingframework.TestNG_XML_File -->
