<?xml version="1.0" encoding="UTF-8"?>
<!-- Generated by org.testng.reporters.JUnitReportReporter -->
<testsuite hostname="DESKTOP-RSDMAPU" failures="0" tests="1" name="sikuli.WebApplicationUsingSikuli" time="13.507" errors="0" timestamp="2025-08-07T07:20:38 IST" skipped="0">
  <testcase classname="sikuli.WebApplicationUsingSikuli" name="sikuliweb" time="13.507"/>
</testsuite> <!-- sikuli.WebApplicationUsingSikuli -->
