<?xml version="1.0" encoding="UTF-8"?>
<!-- Generated by org.testng.reporters.JUnitReportReporter -->
<testsuite hostname="DESKTOP-RSDMAPU" failures="0" tests="1" name="testingframework.Tab_To_New_Window" time="50.514" errors="0" timestamp="2025-07-30T08:08:52 IST" skipped="0">
  <testcase classname="testingframework.Tab_To_New_Window" name="tabnewwindow" time="50.514"/>
</testsuite> <!-- testingframework.Tab_To_New_Window -->
