<?xml version="1.0" encoding="UTF-8"?>
<!-- Generated by org.testng.reporters.JUnitReportReporter -->
<testsuite hostname="DESKTOP-RSDMAPU" failures="0" tests="1" name="testingframework.FullPageScreenShot" time="21.669" errors="0" timestamp="2025-08-05T14:41:14 IST" skipped="0">
  <testcase classname="testingframework.FullPageScreenShot" name="completeScreenShot" time="21.669"/>
</testsuite> <!-- testingframework.FullPageScreenShot -->
