<?xml version="1.0" encoding="UTF-8"?>
<!-- Generated by org.testng.reporters.JUnitReportReporter -->
<testsuite hostname="DESKTOP-RSDMAPU" failures="0" tests="3" name="testingframework.Tab_Applications" time="17.228" errors="0" timestamp="2025-07-25T13:54:48 IST" skipped="0">
  <testcase classname="testingframework.Tab_Applications" name="tab" time="3.638"/>
  <testcase classname="testingframework.Tab_Applications" name="tabapplication" time="11.162"/>
  <testcase classname="testingframework.Tab_Applications" name="taburl" time="2.428"/>
</testsuite> <!-- testingframework.Tab_Applications -->
