<?xml version="1.0" encoding="UTF-8"?>
<!-- Generated by org.testng.reporters.JUnitReportReporter -->
<testsuite hostname="DESKTOP-RSDMAPU" failures="0" tests="1" name="sikuli.FileUpload" time="46.090" errors="0" timestamp="2025-08-06T11:51:52 IST" skipped="0">
  <testcase classname="sikuli.FileUpload" name="ploadingafile" time="46.090"/>
</testsuite> <!-- sikuli.FileUpload -->
