<?xml version="1.0" encoding="UTF-8"?>
<!-- Generated by org.testng.reporters.JUnitReportReporter -->
<testsuite hostname="DESKTOP-RSDMAPU" failures="0" tests="6" name="testingframework.Action_class" time="52.797" errors="0" timestamp="2025-07-25T12:46:12 IST" skipped="0">
  <testcase classname="testingframework.Action_class" name="actionkeyboardfunction" time="6.171"/>
  <testcase classname="testingframework.Action_class" name="actionmouseover" time="24.128"/>
  <testcase classname="testingframework.Action_class" name="actiondraganddrop" time="4.111"/>
  <testcase classname="testingframework.Action_class" name="actionkeyboard2" time="5.323"/>
  <testcase classname="testingframework.Action_class" name="actiondoubleclick" time="8.961"/>
  <testcase classname="testingframework.Action_class" name="actionrightclick" time="4.103"/>
</testsuite> <!-- testingframework.Action_class -->
